2020-12-03 09:35:20.540 [http-nio-8096-exec-2] ERROR topsdk - 2020-12-03 09:35:20.500^_^_dingtalk_^_^dingtalk.oapi.user.getuserinfo^_^192.168.11.216^_^Windows 10^_^285^_^https://oapi.dingtalk.com/user/getuserinfo^_^access_token=83d1692401c536ffb60fc9ede09a388f&code=1111^_^{"errcode":60020,"errmsg":"请参考FAQ：https://open-doc.dingtalk.com/microapp/faquestions/cvbtph。错误原因：访问ip不在白名单之中,request ip=122.224.163.74 appKey\u0028dinglav1klolbgcyrmau\u0029"}
2020-12-03 09:37:08.392 [http-nio-8096-exec-5] ERROR topsdk - 2020-12-03 09:37:08.392^_^_dingtalk_^_^dingtalk.oapi.user.getuserinfo^_^192.168.11.216^_^Windows 10^_^281^_^https://oapi.dingtalk.com/user/getuserinfo^_^access_token=83d1692401c536ffb60fc9ede09a388f&code=1111^_^{"errcode":60020,"errmsg":"请参考FAQ：https://open-doc.dingtalk.com/microapp/faquestions/cvbtph。错误原因：访问ip不在白名单之中,request ip=122.224.163.74 appKey\u0028dinglav1klolbgcyrmau\u0029"}
2020-12-03 09:45:18.668 [restartedMain] ERROR o.s.b.diagnostics.LoggingFailureAnalysisReporter - 

***************************
APPLICATION FAILED TO START
***************************

Description:

Field commonService in com.twkf.controller.CommonController required a bean of type 'com.twkf.service.CommonService' that could not be found.

The injection point has the following annotations:
	- @org.springframework.beans.factory.annotation.Autowired(required=true)


Action:

Consider defining a bean of type 'com.twkf.service.CommonService' in your configuration.

2020-12-03 09:46:04.080 [http-nio-8096-exec-2] ERROR topsdk - 2020-12-03 09:46:04.080^_^_dingtalk_^_^dingtalk.oapi.user.getuserinfo^_^192.168.11.216^_^Windows 10^_^162^_^https://oapi.dingtalk.com/user/getuserinfo^_^access_token=83d1692401c536ffb60fc9ede09a388f&code=111^_^{"errcode":40078,"errmsg":"不存在的临时授权码"}
2020-12-03 09:46:17.030 [http-nio-8096-exec-1] ERROR topsdk - 2020-12-03 09:46:17.030^_^_dingtalk_^_^dingtalk.oapi.user.getuserinfo^_^192.168.11.216^_^Windows 10^_^164^_^https://oapi.dingtalk.com/user/getuserinfo^_^access_token=83d1692401c536ffb60fc9ede09a388f&code=111^_^{"errcode":40078,"errmsg":"不存在的临时授权码"}
2020-12-03 09:46:45.077 [http-nio-8096-exec-3] ERROR topsdk - 2020-12-03 09:46:45.077^_^_dingtalk_^_^dingtalk.oapi.user.getuserinfo^_^192.168.11.216^_^Windows 10^_^147^_^https://oapi.dingtalk.com/user/getuserinfo^_^access_token=83d1692401c536ffb60fc9ede09a388f&code=111^_^{"errcode":40078,"errmsg":"不存在的临时授权码"}
2020-12-03 09:46:51.926 [http-nio-8096-exec-5] ERROR topsdk - 2020-12-03 09:46:51.926^_^_dingtalk_^_^dingtalk.oapi.user.getuserinfo^_^192.168.11.216^_^Windows 10^_^169^_^https://oapi.dingtalk.com/user/getuserinfo^_^access_token=83d1692401c536ffb60fc9ede09a388f&code=111^_^{"errcode":40078,"errmsg":"不存在的临时授权码"}
2020-12-03 09:47:05.048 [http-nio-8096-exec-4] ERROR topsdk - 2020-12-03 09:47:05.048^_^_dingtalk_^_^dingtalk.oapi.user.getuserinfo^_^192.168.11.216^_^Windows 10^_^162^_^https://oapi.dingtalk.com/user/getuserinfo^_^access_token=83d1692401c536ffb60fc9ede09a388f&code=111^_^{"errcode":40078,"errmsg":"不存在的临时授权码"}
2020-12-03 09:47:31.704 [http-nio-8096-exec-6] ERROR topsdk - 2020-12-03 09:47:31.704^_^_dingtalk_^_^dingtalk.oapi.user.getuserinfo^_^192.168.11.216^_^Windows 10^_^166^_^https://oapi.dingtalk.com/user/getuserinfo^_^access_token=83d1692401c536ffb60fc9ede09a388f&code=111^_^{"errcode":40078,"errmsg":"不存在的临时授权码"}
2020-12-03 10:59:33.315 [restartedMain] ERROR org.springframework.boot.SpringApplication - Application run failed
org.springframework.beans.factory.BeanCreationException: Error creating bean with name 'commonController' defined in file [E:\ideaworkspace\hz_zxc_ddsm\target\classes\com\twkf\controller\CommonController.class]: Post-processing of merged bean definition failed; nested exception is java.lang.IllegalStateException: Failed to introspect Class [com.twkf.controller.CommonController] from ClassLoader [org.springframework.boot.devtools.restart.classloader.RestartClassLoader@515b087f]
	at org.springframework.beans.factory.support.AbstractAutowireCapableBeanFactory.doCreateBean(AbstractAutowireCapableBeanFactory.java:586)
	at org.springframework.beans.factory.support.AbstractAutowireCapableBeanFactory.createBean(AbstractAutowireCapableBeanFactory.java:531)
	at org.springframework.beans.factory.support.AbstractBeanFactory.lambda$doGetBean$0(AbstractBeanFactory.java:335)
	at org.springframework.beans.factory.support.DefaultSingletonBeanRegistry.getSingleton(DefaultSingletonBeanRegistry.java:234)
	at org.springframework.beans.factory.support.AbstractBeanFactory.doGetBean(AbstractBeanFactory.java:333)
	at org.springframework.beans.factory.support.AbstractBeanFactory.getBean(AbstractBeanFactory.java:208)
	at org.springframework.beans.factory.support.DefaultListableBeanFactory.preInstantiateSingletons(DefaultListableBeanFactory.java:944)
	at org.springframework.context.support.AbstractApplicationContext.finishBeanFactoryInitialization(AbstractApplicationContext.java:925)
	at org.springframework.context.support.AbstractApplicationContext.refresh(AbstractApplicationContext.java:588)
	at org.springframework.boot.web.servlet.context.ServletWebServerApplicationContext.refresh(ServletWebServerApplicationContext.java:144)
	at org.springframework.boot.SpringApplication.refresh(SpringApplication.java:767)
	at org.springframework.boot.SpringApplication.refresh(SpringApplication.java:759)
	at org.springframework.boot.SpringApplication.refreshContext(SpringApplication.java:426)
	at org.springframework.boot.SpringApplication.run(SpringApplication.java:326)
	at org.springframework.boot.SpringApplication.run(SpringApplication.java:1309)
	at org.springframework.boot.SpringApplication.run(SpringApplication.java:1298)
	at com.twkf.HzZxcDdsmApplication.main(HzZxcDdsmApplication.java:12)
	at sun.reflect.NativeMethodAccessorImpl.invoke0(Native Method)
	at sun.reflect.NativeMethodAccessorImpl.invoke(NativeMethodAccessorImpl.java:62)
	at sun.reflect.DelegatingMethodAccessorImpl.invoke(DelegatingMethodAccessorImpl.java:43)
	at java.lang.reflect.Method.invoke(Method.java:498)
	at org.springframework.boot.devtools.restart.RestartLauncher.run(RestartLauncher.java:49)
Caused by: java.lang.IllegalStateException: Failed to introspect Class [com.twkf.controller.CommonController] from ClassLoader [org.springframework.boot.devtools.restart.classloader.RestartClassLoader@515b087f]
	at org.springframework.util.ReflectionUtils.getDeclaredFields(ReflectionUtils.java:737)
	at org.springframework.util.ReflectionUtils.doWithLocalFields(ReflectionUtils.java:669)
	at org.springframework.context.annotation.CommonAnnotationBeanPostProcessor.buildResourceMetadata(CommonAnnotationBeanPostProcessor.java:366)
	at org.springframework.context.annotation.CommonAnnotationBeanPostProcessor.findResourceMetadata(CommonAnnotationBeanPostProcessor.java:347)
	at org.springframework.context.annotation.CommonAnnotationBeanPostProcessor.postProcessMergedBeanDefinition(CommonAnnotationBeanPostProcessor.java:295)
	at org.springframework.beans.factory.support.AbstractAutowireCapableBeanFactory.applyMergedBeanDefinitionPostProcessors(AbstractAutowireCapableBeanFactory.java:1100)
	at org.springframework.beans.factory.support.AbstractAutowireCapableBeanFactory.doCreateBean(AbstractAutowireCapableBeanFactory.java:583)
	... 21 common frames omitted
Caused by: java.lang.NoClassDefFoundError: Lcom/twkf/service/CommonService;
	at java.lang.Class.getDeclaredFields0(Native Method)
	at java.lang.Class.privateGetDeclaredFields(Class.java:2583)
	at java.lang.Class.getDeclaredFields(Class.java:1916)
	at org.springframework.util.ReflectionUtils.getDeclaredFields(ReflectionUtils.java:732)
	... 27 common frames omitted
Caused by: java.lang.ClassNotFoundException: com.twkf.service.CommonService
	at java.net.URLClassLoader.findClass(URLClassLoader.java:381)
	at java.lang.ClassLoader.loadClass(ClassLoader.java:424)
	at sun.misc.Launcher$AppClassLoader.loadClass(Launcher.java:335)
	at java.lang.ClassLoader.loadClass(ClassLoader.java:357)
	at java.lang.Class.forName0(Native Method)
	at java.lang.Class.forName(Class.java:348)
	at org.springframework.boot.devtools.restart.classloader.RestartClassLoader.loadClass(RestartClassLoader.java:144)
	at java.lang.ClassLoader.loadClass(ClassLoader.java:357)
	... 31 common frames omitted
