2020-12-02 15:16:13.320 [restartedMain] WARN  org.mybatis.spring.mapper.ClassPathMapperScanner - No MyBatis mapper was found in '[com.twkf.dao]' package. Please check your configuration.
2020-12-02 15:23:39.153 [restartedMain] WARN  org.springframework.boot.SpringApplication - Unable to close ApplicationContext
org.springframework.beans.factory.CannotLoadBeanClassException: Cannot find class [com.twkf.controller.CommonController] for bean with name 'commonController' defined in file [E:\ideaworkspace\hz_zxc_ddsm\target\classes\com\twkf\controller\CommonController.class]; nested exception is java.lang.ClassNotFoundException: com.twkf.controller.CommonController
	at org.springframework.beans.factory.support.AbstractBeanFactory.resolveBeanClass(AbstractBeanFactory.java:1537)
	at org.springframework.beans.factory.support.AbstractAutowireCapableBeanFactory.determineTargetType(AbstractAutowireCapableBeanFactory.java:693)
	at org.springframework.beans.factory.support.AbstractAutowireCapableBeanFactory.predictBeanType(AbstractAutowireCapableBeanFactory.java:663)
	at org.springframework.beans.factory.support.AbstractBeanFactory.isFactoryBean(AbstractBeanFactory.java:1665)
	at org.springframework.beans.factory.support.DefaultListableBeanFactory.doGetBeanNamesForType(DefaultListableBeanFactory.java:570)
	at org.springframework.beans.factory.support.DefaultListableBeanFactory.getBeanNamesForType(DefaultListableBeanFactory.java:542)
	at org.springframework.beans.factory.support.DefaultListableBeanFactory.getBeansOfType(DefaultListableBeanFactory.java:667)
	at org.springframework.beans.factory.support.DefaultListableBeanFactory.getBeansOfType(DefaultListableBeanFactory.java:659)
	at org.springframework.context.support.AbstractApplicationContext.getBeansOfType(AbstractApplicationContext.java:1307)
	at org.springframework.boot.SpringApplication.getExitCodeFromMappedException(SpringApplication.java:899)
	at org.springframework.boot.SpringApplication.getExitCodeFromException(SpringApplication.java:887)
	at org.springframework.boot.SpringApplication.handleExitCode(SpringApplication.java:874)
	at org.springframework.boot.SpringApplication.handleRunFailure(SpringApplication.java:815)
	at org.springframework.boot.SpringApplication.run(SpringApplication.java:336)
	at org.springframework.boot.SpringApplication.run(SpringApplication.java:1309)
	at org.springframework.boot.SpringApplication.run(SpringApplication.java:1298)
	at com.twkf.HzZxcDdsmApplication.main(HzZxcDdsmApplication.java:12)
	at sun.reflect.NativeMethodAccessorImpl.invoke0(Native Method)
	at sun.reflect.NativeMethodAccessorImpl.invoke(NativeMethodAccessorImpl.java:62)
	at sun.reflect.DelegatingMethodAccessorImpl.invoke(DelegatingMethodAccessorImpl.java:43)
	at java.lang.reflect.Method.invoke(Method.java:498)
	at org.springframework.boot.devtools.restart.RestartLauncher.run(RestartLauncher.java:49)
Caused by: java.lang.ClassNotFoundException: com.twkf.controller.CommonController
	at java.net.URLClassLoader.findClass(URLClassLoader.java:381)
	at java.lang.ClassLoader.loadClass(ClassLoader.java:424)
	at sun.misc.Launcher$AppClassLoader.loadClass(Launcher.java:335)
	at java.lang.ClassLoader.loadClass(ClassLoader.java:357)
	at java.lang.Class.forName0(Native Method)
	at java.lang.Class.forName(Class.java:348)
	at org.springframework.boot.devtools.restart.classloader.RestartClassLoader.loadClass(RestartClassLoader.java:144)
	at java.lang.ClassLoader.loadClass(ClassLoader.java:357)
	at java.lang.Class.forName0(Native Method)
	at java.lang.Class.forName(Class.java:348)
	at org.springframework.util.ClassUtils.forName(ClassUtils.java:284)
	at org.springframework.beans.factory.support.AbstractBeanDefinition.resolveBeanClass(AbstractBeanDefinition.java:469)
	at org.springframework.beans.factory.support.AbstractBeanFactory.doResolveBeanClass(AbstractBeanFactory.java:1602)
	at org.springframework.beans.factory.support.AbstractBeanFactory.resolveBeanClass(AbstractBeanFactory.java:1529)
	... 21 common frames omitted
2020-12-02 15:26:25.755 [restartedMain] WARN  o.s.b.w.s.c.AnnotationConfigServletWebServerApplicationContext - Exception encountered during context initialization - cancelling refresh attempt: org.springframework.beans.factory.BeanCreationException: Error creating bean with name 'commonController' defined in file [E:\ideaworkspace\hz_zxc_ddsm\target\classes\com\twkf\controller\CommonController.class]: Post-processing of merged bean definition failed; nested exception is java.lang.IllegalStateException: Failed to introspect Class [com.twkf.controller.CommonController] from ClassLoader [org.springframework.boot.devtools.restart.classloader.RestartClassLoader@a91f1ef]
2020-12-02 15:46:07.630 [restartedMain] WARN  o.s.b.w.s.c.AnnotationConfigServletWebServerApplicationContext - Exception encountered during context initialization - cancelling refresh attempt: org.springframework.beans.factory.BeanCreationException: Error creating bean with name 'commonController' defined in file [E:\ideaworkspace\hz_zxc_ddsm\target\classes\com\twkf\controller\CommonController.class]: Post-processing of merged bean definition failed; nested exception is java.lang.IllegalStateException: Failed to introspect Class [com.twkf.controller.CommonController] from ClassLoader [org.springframework.boot.devtools.restart.classloader.RestartClassLoader@f5163f0]
2020-12-02 15:51:32.874 [restartedMain] WARN  o.s.b.w.s.c.AnnotationConfigServletWebServerApplicationContext - Exception encountered during context initialization - cancelling refresh attempt: org.springframework.beans.factory.BeanCreationException: Error creating bean with name 'commonController' defined in file [E:\ideaworkspace\hz_zxc_ddsm\target\classes\com\twkf\controller\CommonController.class]: Post-processing of merged bean definition failed; nested exception is java.lang.IllegalStateException: Failed to introspect Class [com.twkf.controller.CommonController] from ClassLoader [org.springframework.boot.devtools.restart.classloader.RestartClassLoader@5093dc66]
2020-12-02 16:02:36.564 [restartedMain] WARN  o.s.b.w.s.c.AnnotationConfigServletWebServerApplicationContext - Exception encountered during context initialization - cancelling refresh attempt: org.springframework.beans.factory.BeanCreationException: Error creating bean with name 'commonController' defined in file [E:\ideaworkspace\hz_zxc_ddsm\target\classes\com\twkf\controller\CommonController.class]: Post-processing of merged bean definition failed; nested exception is java.lang.IllegalStateException: Failed to introspect Class [com.twkf.controller.CommonController] from ClassLoader [org.springframework.boot.devtools.restart.classloader.RestartClassLoader@54fa6655]
2020-12-02 16:18:02.933 [restartedMain] WARN  o.s.b.w.s.c.AnnotationConfigServletWebServerApplicationContext - Exception encountered during context initialization - cancelling refresh attempt: org.springframework.beans.factory.BeanCreationException: Error creating bean with name 'commonController' defined in file [E:\ideaworkspace\hz_zxc_ddsm\target\classes\com\twkf\controller\CommonController.class]: Post-processing of merged bean definition failed; nested exception is java.lang.IllegalStateException: Failed to introspect Class [com.twkf.controller.CommonController] from ClassLoader [org.springframework.boot.devtools.restart.classloader.RestartClassLoader@3490daf9]
2020-12-02 16:20:18.414 [restartedMain] WARN  o.s.b.w.s.c.AnnotationConfigServletWebServerApplicationContext - Exception encountered during context initialization - cancelling refresh attempt: org.springframework.beans.factory.BeanCreationException: Error creating bean with name 'commonController' defined in file [E:\ideaworkspace\hz_zxc_ddsm\target\classes\com\twkf\controller\CommonController.class]: Post-processing of merged bean definition failed; nested exception is java.lang.IllegalStateException: Failed to introspect Class [com.twkf.controller.CommonController] from ClassLoader [org.springframework.boot.devtools.restart.classloader.RestartClassLoader@6f3d4276]
2020-12-02 16:23:02.304 [restartedMain] WARN  o.s.b.w.s.c.AnnotationConfigServletWebServerApplicationContext - Exception encountered during context initialization - cancelling refresh attempt: org.springframework.beans.factory.BeanCreationException: Error creating bean with name 'commonController' defined in file [E:\ideaworkspace\hz_zxc_ddsm\target\classes\com\twkf\controller\CommonController.class]: Post-processing of merged bean definition failed; nested exception is java.lang.IllegalStateException: Failed to introspect Class [com.twkf.controller.CommonController] from ClassLoader [org.springframework.boot.devtools.restart.classloader.RestartClassLoader@53af0584]
2020-12-02 16:56:08.478 [restartedMain] WARN  org.mybatis.spring.mapper.ClassPathMapperScanner - No MyBatis mapper was found in '[com.twkf.dao]' package. Please check your configuration.
2020-12-02 17:00:22.160 [restartedMain] WARN  org.mybatis.spring.mapper.ClassPathMapperScanner - No MyBatis mapper was found in '[com.twkf.dao]' package. Please check your configuration.
2020-12-02 17:07:20.795 [restartedMain] WARN  o.s.b.w.s.c.AnnotationConfigServletWebServerApplicationContext - Exception encountered during context initialization - cancelling refresh attempt: org.springframework.beans.factory.BeanCreationException: Error creating bean with name 'commonController' defined in file [E:\ideaworkspace\hz_zxc_ddsm\target\classes\com\twkf\controller\CommonController.class]: Post-processing of merged bean definition failed; nested exception is java.lang.IllegalStateException: Failed to introspect Class [com.twkf.controller.CommonController] from ClassLoader [org.springframework.boot.devtools.restart.classloader.RestartClassLoader@3ff9cdc8]
2020-12-02 17:09:06.690 [restartedMain] WARN  o.s.b.w.s.c.AnnotationConfigServletWebServerApplicationContext - Exception encountered during context initialization - cancelling refresh attempt: org.springframework.beans.factory.BeanCreationException: Error creating bean with name 'commonController' defined in file [E:\ideaworkspace\hz_zxc_ddsm\target\classes\com\twkf\controller\CommonController.class]: Post-processing of merged bean definition failed; nested exception is java.lang.IllegalStateException: Failed to introspect Class [com.twkf.controller.CommonController] from ClassLoader [org.springframework.boot.devtools.restart.classloader.RestartClassLoader@256ea19e]
2020-12-02 17:11:09.930 [restartedMain] WARN  org.mybatis.spring.mapper.ClassPathMapperScanner - No MyBatis mapper was found in '[com.twkf.dao]' package. Please check your configuration.
2020-12-02 17:11:15.855 [restartedMain] WARN  org.mybatis.spring.mapper.ClassPathMapperScanner - No MyBatis mapper was found in '[com.twkf.dao]' package. Please check your configuration.
2020-12-02 17:11:20.730 [restartedMain] WARN  org.mybatis.spring.mapper.ClassPathMapperScanner - No MyBatis mapper was found in '[com.twkf.dao]' package. Please check your configuration.
2020-12-02 17:11:24.238 [restartedMain] WARN  org.mybatis.spring.mapper.ClassPathMapperScanner - No MyBatis mapper was found in '[com.twkf.dao]' package. Please check your configuration.
2020-12-02 17:20:25.986 [restartedMain] WARN  org.mybatis.spring.mapper.ClassPathMapperScanner - No MyBatis mapper was found in '[com.twkf.dao]' package. Please check your configuration.
2020-12-02 17:21:20.167 [restartedMain] WARN  org.mybatis.spring.mapper.ClassPathMapperScanner - No MyBatis mapper was found in '[com.twkf.dao]' package. Please check your configuration.
2020-12-02 17:21:46.583 [http-nio-8096-exec-9] WARN  o.s.w.s.m.m.a.ExceptionHandlerExceptionResolver - Resolved [org.springframework.web.util.NestedServletException: Handler dispatch failed; nested exception is java.lang.NoClassDefFoundError: com/dingtalk/api/DefaultDingTalkClient]
2020-12-02 17:51:28.821 [restartedMain] WARN  o.s.b.w.s.c.AnnotationConfigServletWebServerApplicationContext - Exception encountered during context initialization - cancelling refresh attempt: org.springframework.beans.factory.UnsatisfiedDependencyException: Error creating bean with name 'commonController': Unsatisfied dependency expressed through field 'commonService'; nested exception is org.springframework.beans.factory.UnsatisfiedDependencyException: Error creating bean with name 'commonService': Unsatisfied dependency expressed through field 'commonDao'; nested exception is org.springframework.beans.factory.UnsatisfiedDependencyException: Error creating bean with name 'commonDao' defined in file [E:\ideaworkspace\hz_zxc_ddsm\target\classes\com\twkf\dao\CommonDao.class]: Unsatisfied dependency expressed through bean property 'sqlSessionFactory'; nested exception is org.springframework.beans.factory.UnsatisfiedDependencyException: Error creating bean with name 'sqlSessionFactory' defined in class path resource [com/baomidou/mybatisplus/autoconfigure/MybatisPlusAutoConfiguration.class]: Unsatisfied dependency expressed through method 'sqlSessionFactory' parameter 0; nested exception is org.springframework.beans.factory.BeanCreationException: Error creating bean with name 'dataSource' defined in class path resource [org/springframework/boot/autoconfigure/jdbc/DataSourceConfiguration$Hikari.class]: Bean instantiation via factory method failed; nested exception is org.springframework.beans.BeanInstantiationException: Failed to instantiate [com.zaxxer.hikari.HikariDataSource]: Factory method 'dataSource' threw exception; nested exception is org.springframework.boot.autoconfigure.jdbc.DataSourceProperties$DataSourceBeanCreationException: Failed to determine a suitable driver class
2020-12-02 17:51:38.849 [restartedMain] WARN  o.s.b.w.s.c.AnnotationConfigServletWebServerApplicationContext - Exception encountered during context initialization - cancelling refresh attempt: org.springframework.beans.factory.UnsatisfiedDependencyException: Error creating bean with name 'commonController': Unsatisfied dependency expressed through field 'commonService'; nested exception is org.springframework.beans.factory.UnsatisfiedDependencyException: Error creating bean with name 'commonService': Unsatisfied dependency expressed through field 'commonDao'; nested exception is org.springframework.beans.factory.UnsatisfiedDependencyException: Error creating bean with name 'commonDao' defined in file [E:\ideaworkspace\hz_zxc_ddsm\target\classes\com\twkf\dao\CommonDao.class]: Unsatisfied dependency expressed through bean property 'sqlSessionFactory'; nested exception is org.springframework.beans.factory.UnsatisfiedDependencyException: Error creating bean with name 'sqlSessionFactory' defined in class path resource [com/baomidou/mybatisplus/autoconfigure/MybatisPlusAutoConfiguration.class]: Unsatisfied dependency expressed through method 'sqlSessionFactory' parameter 0; nested exception is org.springframework.beans.factory.BeanCreationException: Error creating bean with name 'dataSource' defined in class path resource [org/springframework/boot/autoconfigure/jdbc/DataSourceConfiguration$Hikari.class]: Bean instantiation via factory method failed; nested exception is org.springframework.beans.BeanInstantiationException: Failed to instantiate [com.zaxxer.hikari.HikariDataSource]: Factory method 'dataSource' threw exception; nested exception is org.springframework.boot.autoconfigure.jdbc.DataSourceProperties$DataSourceBeanCreationException: Failed to determine a suitable driver class
